Mono path[0] = 'D:/ExeCros/CrossyRoad_Data/Managed'
Mono config path = 'D:/ExeCros/MonoBleedingEdge/etc'
[Physics::Module] Initialized MultithreadedJobDispatcher with 19 workers.
Initialize engine version: 2022.3.14f1 (eff2de9070d8)
[Subsystems] Discovering subsystems at path D:/ExeCros/CrossyRoad_Data/UnitySubsystems
Forcing GfxDevice: Null
GfxDevice: creating device client; threaded=0; jobified=0
NullGfxDevice:
    Version:  NULL 1.0 [1.0]
    Renderer: Null Device
    Vendor:   Unity Technologies
Begin MonoManager ReloadAssembly
- Loaded All Assemblies, in  0.834 seconds
- Finished resetting the current domain, in  0.007 seconds
ERROR: Shader Sprites/Default shader is not supported on this GPU (none of subshaders/fallbacks are suitable)
Microsoft Media Foundation video decoding to texture disabled: graphics device is Null, only Direct3D 11 and Direct3D 12 (only on desktop) are supported for hardware-accelerated video decoding.
ERROR: Shader Sprites/Mask shader is not supported on this GPU (none of subshaders/fallbacks are suitable)
ERROR: Shader Legacy Shaders/Transparent/Cutout/VertexLit shader is not supported on this GPU (none of subshaders/fallbacks are suitable)
WARNING: Shader Unsupported: 'Nature/SpeedTree Billboard' - All subshaders removed
WARNING: Shader Did you use #pragma only_renderers and omit this platform?
WARNING: Shader If subshaders removal was intentional, you may have forgotten turning Fallback off?
ERROR: Shader Nature/SpeedTree Billboard shader is not supported on this GPU (none of subshaders/fallbacks are suitable)
WARNING: Shader Unsupported: 'Nature/SpeedTree Billboard' - All subshaders removed
WARNING: Shader Did you use #pragma only_renderers and omit this platform?
WARNING: Shader If subshaders removal was intentional, you may have forgotten turning Fallback off?
ERROR: Shader Legacy Shaders/VertexLit shader is not supported on this GPU (none of subshaders/fallbacks are suitable)
WARNING: Shader Unsupported: 'Standard' - All subshaders removed
WARNING: Shader Did you use #pragma only_renderers and omit this platform?
WARNING: Shader If subshaders removal was intentional, you may have forgotten turning Fallback off?
ERROR: Shader Standard shader is not supported on this GPU (none of subshaders/fallbacks are suitable)
WARNING: Shader Unsupported: 'Standard' - All subshaders removed
WARNING: Shader Did you use #pragma only_renderers and omit this platform?
WARNING: Shader If subshaders removal was intentional, you may have forgotten turning Fallback off?
ERROR: Shader GUI/Text Shader shader is not supported on this GPU (none of subshaders/fallbacks are suitable)
WARNING: Shader Unsupported: 'Nature/SpeedTree' - All subshaders removed
WARNING: Shader Did you use #pragma only_renderers and omit this platform?
WARNING: Shader If subshaders removal was intentional, you may have forgotten turning Fallback off?
ERROR: Shader Nature/SpeedTree shader is not supported on this GPU (none of subshaders/fallbacks are suitable)
WARNING: Shader Unsupported: 'Nature/SpeedTree' - All subshaders removed
WARNING: Shader Did you use #pragma only_renderers and omit this platform?
WARNING: Shader If subshaders removal was intentional, you may have forgotten turning Fallback off?
UnloadTime: 2.768400 ms
ERROR: Shader UI/Default shader is not supported on this GPU (none of subshaders/fallbacks are suitable)
terrain determined is natural
Natural
Natural
Natural
Natural
Natural
Natural
Natural
Natural
Natural
Natural
Natural
Natural
Natural
Natural
Natural
Natural
Natural
Natural
Natural
Natural
Natural
Natural
Natural
Natural
Natural
Natural
Natural
Natural
Natural
Natural
Natural
Natural
Natural
Natural
Natural
Natural
Natural
Natural
Natural
Natural
Natural
Natural
Natural
Natural
Natural
Natural
Natural
Natural
Natural
Natural
Natural
Natural
Natural
Natural
Natural
Natural
Natural
Natural
Natural
Natural
Natural
Natural
Natural
Natural
Natural
Natural
Natural
Natural
Natural
Natural
Natural
Natural
Natural
Natural
Natural
Natural
Natural
Natural
Natural
Natural
Natural
Natural
Natural
Natural
Natural
Natural
Natural
Natural
Natural
Natural
Natural
Natural
Natural
Natural
Natural
Natural
Natural
Natural
Natural
Natural
Natural
Natural
Natural
Natural
Natural
Natural
Natural
Natural
Natural
Natural
Natural
Natural
Natural
Natural
Natural
Natural
Natural
Natural
Natural
Natural
Natural
Natural
Natural
Natural
Natural
Natural
Natural
Natural
Natural
Natural
Natural
Natural
Natural
Natural
Natural
Natural
Natural
Natural
Natural
Natural
Natural
Natural
Natural
Natural
Natural
Natural
Natural
Natural
Natural
Natural
Natural
Natural
Natural
Natural
Natural
Natural
Natural
Natural
Natural
Natural
Natural
Natural
Natural
Natural
Natural
Natural
Natural
Natural
Natural
Natural
Natural
Natural
Natural
Natural
Natural
Natural
Natural
Natural
Natural
Natural
Natural
Natural
Natural
Natural
Natural
Natural
Natural
Natural
Natural
Natural
Natural
Natural
Natural
Natural
Natural
Natural
Natural
Natural
Natural
Natural
Natural
Natural
Natural
Natural
Natural
Natural
Natural
Natural
Natural
Natural
Natural
Natural
Natural
Natural
Natural
Natural
Natural
Natural
Natural
Natural
Natural
Natural
Natural
Natural
Natural
Natural
Natural
Natural
Natural
Natural
Natural
Natural
Natural
Natural
Natural
Natural
Natural
Natural
Natural
Natural
Natural
Natural
Natural
Natural
Natural
Natural
Natural
Natural
Natural
Natural
Natural
Natural
Natural
Natural
Natural
Natural
Natural
Natural
Natural
Natural
Natural
Natural
Natural
Natural
Natural
Natural
Natural
Natural
Natural
Natural
Natural
Natural
Natural
Natural
Natural
Natural
Natural
Natural
Natural
Natural
Natural
Natural
Natural
Natural
Natural
Natural
Natural
Natural
Natural
Natural
Natural
Natural
Natural
Natural
Natural
Natural
Natural
Natural
Natural
Natural
Natural
Natural
Natural
Natural
Natural
Natural
Natural
Natural
Natural
Natural
Natural
Natural
Natural
Natural
Natural
Natural
Natural
Natural
Natural
Natural
Natural
Natural
Natural
Natural
Natural
Natural
Natural
Natural
Natural
Natural
Natural
Natural
Natural
Natural
Natural
Natural
Natural
Natural
Natural
Natural
Natural
Natural
Natural
Natural
Natural
Natural
Natural
Natural
Natural
Natural
Natural
Natural
Natural
Natural
Natural
Natural
Natural
Natural
Natural
Natural
Natural
Natural
Natural
Natural
Natural
Natural
Natural
Natural
Natural
Natural
Natural
Natural
Natural
Natural
Natural
Natural
Natural
Natural
Natural
Natural
Natural
Natural
Natural
Natural
Natural
Natural
Natural
Natural
Natural
Natural
Natural
Natural
Natural
Natural
Natural
Natural
Natural
Natural
Natural
Natural
Natural
Natural
Natural
Natural
Natural
Natural
Natural
Natural
Natural
Natural
Natural
Natural
Natural
Natural
Natural
Natural
Natural
Natural
Natural
Natural
Natural
Natural
Natural
Natural
Natural
Natural
Natural
Natural
Natural
Natural
Natural
Natural
Natural
Natural
Natural
Natural
Natural
Natural
Natural
Natural
Natural
Natural
Natural
Natural
Natural
Natural
Natural
Natural
Natural
Natural
Natural
Natural
Natural
Natural
Natural
Natural
Natural
Natural
Natural
Natural
Natural
Natural
Natural
Natural
Natural
Natural
Natural
Natural
Natural
Natural
Natural
Natural
Natural
Natural
Natural
Natural
Natural
Natural
Natural
Natural
Natural
Natural
Natural
Natural
Natural
Natural
Natural
Natural
Natural
Natural
Natural
Natural
Natural
Natural
Natural
Natural
Natural
Natural
Natural
Natural
Natural
Natural
Natural
Natural
Natural
Natural
Natural
Natural
Natural
Natural
Natural
Natural
Natural
Natural
Natural
Natural
Natural
Natural
Natural
Natural
Natural
Natural
Natural
Natural
Natural
Natural
Natural
Natural
Natural
Natural
Natural
Natural
Natural
Natural
Natural
Natural
Natural
Natural
Natural
Natural
Natural
Natural
Natural
Natural
Natural
Natural
Natural
Natural
Natural
Natural
Natural
Natural
Natural
Natural
Natural
Natural
Natural
Natural
Natural
Natural
Natural
Natural
Natural
Natural
Natural
Natural
Natural
Natural
Natural
Natural
Natural
Natural
Natural
Natural
Natural
Natural
Natural
Natural
Natural
Natural
Natural
Natural
Natural
Natural
Natural
Natural
Natural
Natural
Natural
Natural
Natural
Natural
Natural
Natural
Natural
Natural
Natural
Natural
Natural
Natural
Natural
Natural
Natural
Natural
Natural
Natural
Natural
Natural
Natural
Natural
Natural
Natural
Natural
Natural
Natural
Natural
Natural
Natural
Natural
Natural
Natural
Natural
Natural
Natural
Natural
Natural
Natural
Natural
Natural
Natural
Natural
Natural
Natural
Natural
Natural
Natural
Natural
Natural
Natural
Natural
Natural
Natural
Natural
Natural
Natural
Natural
Natural
Natural
Natural
Natural
Natural
Natural
Natural
Natural
Natural
Natural
Natural
Natural
Natural
Natural
Natural
Natural
Natural
Natural
Natural
Natural
Natural
Natural
Natural
Natural
Natural
Natural
Natural
Natural
Natural
Natural
Natural
Natural
Natural
Natural
Natural
Natural
Natural
Natural
Natural
Natural
Natural
Natural
Natural
Natural
Natural
Natural
Natural
Natural
Natural
Natural
Natural
Natural
Natural
Natural
Natural
Natural
Natural
Natural
Natural
Natural
Natural
Natural
Natural
Natural
Natural
Natural
Natural
Natural
Natural
Natural
Natural
Natural
Natural
Natural
Natural
Natural
Natural
Natural
Natural
Natural
Natural
Natural
Natural
Natural
Natural
Natural
Natural
Natural
Natural
Natural
Natural
Natural
Natural
Natural
Natural
Natural
Natural
Natural
Natural
Natural
Natural
Natural
Natural
Natural
Natural
Natural
Natural
Natural
Natural
Natural
Natural
Natural
Natural
Natural
Natural
Natural
Natural
Natural
Natural
Natural
Natural
Natural
Natural
Natural
Natural
Natural
Natural
Natural
Natural
Natural
Natural
Natural
Natural
Natural
Natural
Natural
Natural
Natural
Natural
Natural
Natural
Natural
Natural
Natural
Natural
Natural
Natural
Natural
Natural
Natural
Natural
Natural
Natural
Natural
Natural
Natural
Natural
Natural
Natural
Natural
Natural
Natural
Natural
Natural
Natural
Natural
Natural
Natural
Natural
Natural
Natural
Natural
Natural
Natural
Natural
Natural
Natural
Natural
Natural
Natural
Natural
Natural
Natural
Natural
Natural
Natural
Natural
Natural
Natural
Natural
Natural
Natural
Natural
Natural
Natural
Natural
Natural
Natural
Natural
Natural
Natural
Natural
Natural
Natural
Natural
Natural
Natural
Natural
Natural
Natural
Natural
Natural
Natural
Natural
Natural
Natural
Natural
Natural
Natural
Natural
Natural
Natural
Natural
Natural
Natural
Natural
Natural
Natural
Natural
Natural
Natural
Natural
Natural
Natural
Natural
Natural
Natural
Natural
Natural
Natural
Natural
Natural
Natural
Natural
Natural
Natural
Natural
Natural
Natural
Natural
Natural
Natural
Natural
Natural
Natural
Natural
Natural
Natural
Natural
Natural
Natural
Natural
Natural
Natural
Natural
Natural
Natural
Natural
Natural
Natural
Natural
Natural
Natural
Natural
Natural
Natural
Natural
Natural
Natural
Natural
Natural
Natural
Natural
Natural
Natural
Natural
Natural
Natural
Natural
Natural
Natural
Natural
Natural
Natural
Natural
Natural
Natural
Natural
Natural
Natural
Natural
Natural
Natural
Natural
Natural
Natural
Natural
Natural
Natural
Natural
Natural
Natural
Natural
Natural
Natural
Natural
Natural
Natural
Natural
Natural
Natural
Natural
Natural
Natural
Natural
Natural
Natural
Natural
Natural
Natural
Natural
Natural
Natural
Natural
Natural
Natural
Natural
Natural
Natural
Natural
Natural
Natural
Natural
Natural
Natural
Natural
Natural
Natural
Natural
Natural
Natural
Natural
Natural
Natural
Natural
Natural
Natural
Natural
Natural
Natural
Natural
Natural
Natural
Natural
Natural
Natural
Natural
Natural
Natural
Natural
Natural
Natural
Natural
Natural
Natural
Natural
Natural
Natural
Natural
Natural
Natural
Natural
Natural
Natural
Natural
Natural
Natural
Natural
Natural
Natural
Natural
Natural
Natural
Natural
Natural
Natural
Natural
Natural
Natural
Natural
Natural
Natural
Natural
Natural
Natural
Natural
Natural
Natural
Natural
Natural
Natural
Natural
Natural
Natural
Natural
Natural
Natural
Natural
Natural
Natural
Natural
Natural
Natural
Natural
Natural
Natural
Natural
Natural
Natural
Natural
Natural
Natural
Natural
Natural
Natural
Natural
Natural
Natural
Natural
Natural
Natural
Natural
Natural
Natural
Natural
Natural
Natural
Natural
Natural
Natural
Natural
Natural
Natural
Natural
Natural
Natural
Natural
Natural
Natural
Natural
Natural
Natural
Natural
Natural
Natural
Natural
Natural
Natural
Natural
Natural
Natural
Natural
Natural
Natural
Natural
Natural
Natural
Natural
Natural
Natural
Natural
Natural
Natural
Natural
Natural
Natural
Natural
Natural
Natural
Natural
Natural
Natural
Natural
Natural
Natural
Natural
Natural
Natural
Natural
Natural
Natural
Natural
Natural
Natural
Natural
Natural
Natural
Natural
Natural
Natural
Natural
Natural
Natural
Natural
Natural
Natural
Natural
Natural
Natural
Natural
Natural
Natural
Natural
Natural
Natural
Natural
Natural
Natural
Natural
Natural
Natural
Natural
Natural
Natural
Natural
Natural
Natural
Natural
Natural
Natural
Natural
Natural
Natural
Natural
Natural
Natural
Natural
Natural
Natural
Natural
Natural
Natural
Natural
Natural
Natural
Natural
Natural
Natural
Natural
Natural
Natural
Natural
Natural
Natural
Natural
Natural
Natural
Natural
Natural
Natural
Natural
Natural
Natural
Natural
Natural
Natural
Natural
Natural
Natural
Natural
Natural
Natural
Natural
Natural
Natural
Natural
Natural
Natural
Natural
Natural
Natural
Natural
Natural
Natural
Natural
Natural
Natural
Natural
Natural
Natural
Natural
Natural
Natural
Natural
Natural
Natural
Natural
Natural
Natural
Natural
Natural
Natural
Natural
Natural
Natural
Natural
Natural
Natural
Natural
Natural
Natural
Natural
Natural
Natural
Natural
Natural
Natural
Natural
Natural
Natural
Natural
Natural
Natural
Natural
Natural
Natural
Natural
Natural
Natural
Natural
Natural
Natural
Natural
Natural
Natural
Natural
Natural
Natural
Natural
Natural
Natural
Natural
Natural
Natural
Natural
Natural
Natural
Natural
Natural
Natural
Natural
Natural
Natural
Natural
Natural
Natural
Natural
Natural
Natural
Natural
Natural
Natural
Natural
Natural
Natural
Natural
Natural
Natural
Natural
Natural
Natural
Natural
Natural
Natural
Natural
Natural
Natural
Natural
Natural
Natural
Natural
Natural
Natural
Natural
Natural
Natural
Natural
Natural
Natural
Natural
Natural
Natural
Natural
Natural
Natural
Natural
Natural
Natural
Natural
Natural
Natural
Natural
Natural
Natural
Natural
Natural
Natural
Natural
Natural
Natural
Natural
Natural
Natural
Natural
Natural
Natural
Natural
Natural
Natural
Natural
Natural
Natural
Natural
Natural
Natural
Natural
Natural
Natural
Natural
Natural
Natural
Natural
Natural
Natural
Natural
Natural
Natural
Natural
Natural
Natural
Natural
Natural
Natural
Natural
Natural
Natural
Natural
Natural
Natural
Natural
Natural
Natural
Natural
Natural
Natural
Natural
Natural
Natural
Natural
Natural
Natural
Natural
Natural
Natural
Natural
Natural
Natural
Natural
Natural
Natural
Natural
Natural
Natural
Natural
Natural
Natural
Natural
Natural
Natural
Natural
Natural
Natural
Natural
Natural
Natural
Natural
Natural
Natural
Natural
Natural
Natural
Natural
Natural
Natural
Natural
Natural
Natural
Natural
Natural
Natural
Natural
Natural
Natural
Natural
Natural
Natural
Natural
Natural
Natural
Natural
Natural
Natural
Natural
Natural
Natural
Natural
Natural
Natural
Natural
Natural
Natural
Natural
Natural
Natural
Natural
Natural
Natural
Natural
Natural
Natural
Natural
Natural
Natural
Natural
Natural
Natural
Natural
Natural
Natural
Natural
Natural
Natural
Natural
Natural
Natural
Natural
Natural
Natural
Natural
Natural
Natural
Natural
Natural
Natural
Natural
Natural
Natural
Natural
Natural
Natural
Natural
Natural
Natural
Natural
Natural
Natural
Natural
Natural
Natural
Natural
Natural
Natural
Natural
Natural
Natural
Natural
Natural
Natural
Natural
Natural
Natural
Natural
Natural
Natural
Natural
Natural
Natural
Natural
Natural
Natural
Natural
Natural
Natural
Natural
Natural
Natural
Natural
Natural
Natural
Natural
Natural
Natural
Natural
Natural
Natural
Natural
Natural
Natural
Natural
Natural
Natural
Natural
Natural
Natural
Natural
Natural
Natural
Natural
Natural
Natural
Natural
Natural
Natural
Natural
Natural
Natural
Natural
Natural
Natural
Natural
Natural
Natural
Natural
Natural
Natural
Natural
Natural
Natural
Natural
Natural
Natural
Natural
Natural
Natural
Natural
Natural
Natural
Natural
Natural
Natural
Natural
Natural
Natural
Natural
Natural
Natural
Natural
Natural
Natural
Natural
Natural
Natural
Natural
Natural
Natural
Natural
Natural
Natural
Natural
Natural
Natural
Natural
Natural
Natural
Natural
Natural
Natural
Natural
Natural
Natural
Natural
Natural
Natural
Natural
Natural
Natural
Natural
Natural
Natural
Natural
Natural
Natural
Natural
Natural
Natural
Natural
Natural
Natural
Natural
Natural
Natural
Natural
Natural
Natural
Natural
Natural
Natural
Natural
Natural
Natural
Natural
Natural
Natural
Natural
Natural
Natural
Natural
Natural
Natural
Natural
Natural
Natural
Natural
Natural
Natural
Natural
Natural
Natural
Natural
Natural
Natural
Natural
Natural
Natural
Natural
Natural
Natural
Natural
Natural
Natural
Natural
Natural
Natural
Natural
Natural
Natural
Natural
Natural
Natural
Natural
Natural
Natural
Natural
Natural
Natural
Natural
Natural
Natural
Natural
Natural
Natural
Natural
Natural
Natural
Natural
Natural
Natural
Natural
Natural
Natural
Natural
Natural
Natural
Natural
Natural
Natural
Natural
Natural
Natural
Natural
Natural
Natural
Natural
Natural
Natural
Natural
Natural
Natural
Natural
Natural
Natural
Natural
Natural
Natural
Natural
Natural
Natural
Natural
Natural
Natural
Natural
Natural
Natural
Natural
Natural
Natural
Natural
Natural
Natural
Natural
Natural
Natural
Natural
Natural
Natural
Natural
Natural
Natural
Natural
Natural
Natural
Natural
Natural
Natural
Natural
Natural
Natural
Natural
Natural
Natural
Natural
Natural
Natural
Natural
Natural
Natural
Natural
Natural
Natural
Natural
Natural
Natural
Natural
Natural
Natural
Natural
Natural
Natural
Natural
Natural
Natural
Natural
Natural
Natural
Natural
Natural
Natural
Natural
Natural
Natural
Natural
Natural
Natural
Natural
Natural
Natural
Natural
Natural
Natural
Natural
Natural
Natural
Natural
Natural
Natural
Natural
Natural
Natural
Natural
Natural
Natural
Natural
Natural
Natural
Natural
Natural
Natural
Natural
Natural
Natural
Natural
Natural
Natural
Natural
Natural
Natural
Natural
Natural
Natural
Natural
Natural
Natural
Natural
Natural
Natural
Natural
Natural
Natural
Natural
Natural
Natural
Natural
Natural
Natural
Natural
Natural
Natural
Natural
Natural
Natural
Natural
Natural
Natural
Natural
Natural
Natural
Natural
Natural
Natural
Natural
Natural
Natural
Natural
Natural
Natural
Natural
Natural
Natural
Natural
Natural
Natural
Natural
Natural
Natural
Natural
Natural
Natural
Natural
Natural
Natural
Natural
Natural
Natural
Natural
Natural
Natural
Natural
Natural
Natural
Natural
Natural
Natural
Natural
Natural
Natural
Natural
Natural
Natural
Natural
Natural
Natural
Natural
Natural
Natural
Natural
Natural
Natural
Natural
Natural
Natural
Natural
Natural
Natural
Natural
Natural
Natural
Natural
Natural
Natural
Natural
Natural
Natural
Natural
Natural
Natural
Natural
Natural
Natural
Natural
Natural
Natural
Natural
Natural
Natural
Natural
Natural
Natural
Natural
Natural
Natural
Natural
Natural
Natural
Natural
Natural
Natural
Natural
Natural
Natural
Natural
Natural
Natural
Natural
Natural
Natural
Natural
Natural
Natural
Natural
Natural
Natural
Natural
Natural
Natural
Natural
Natural
Natural
Natural
Natural
Natural
Natural
Natural
Natural
Natural
Natural
Natural
Natural
Natural
Natural
Natural
Natural
Natural
Natural
Natural
Natural
Natural
Natural
Natural
Natural
Natural
Natural
Natural
Natural
Natural
Natural
Natural
Natural
Natural
Natural
Natural
Natural
Natural
Natural
Natural
Natural
Natural
Natural
Natural
Natural
Natural
Natural
Natural
Natural
Natural
Natural
Natural
Natural
Natural
Natural
Natural
Natural
Natural
Natural
Natural
Natural
Natural
Natural
Natural
Natural
Natural
Natural
Natural
Natural
Natural
Natural
Natural
Natural
Natural
Natural
Natural
Natural
Natural
Natural
Natural
Natural
Natural
Natural
Natural
Natural
Natural
Natural
Natural
Natural
Natural
Natural
Natural
Natural
Natural
Natural
Natural
Natural
Natural
Natural
Natural
Natural
Natural
Natural
Natural
Natural
Natural
Natural
Natural
Natural
Natural
Natural
Natural
Natural
Natural
Natural
Natural
Natural
Natural
Natural
Natural
Natural
Natural
Natural
Natural
Natural
Natural
Natural
Natural
Natural
Natural
Natural
Natural
Natural
Natural
Natural
Natural
Natural
Natural
Natural
Natural
Natural
Natural
Natural
Natural
Natural
Natural
Natural
Natural
Natural
Natural
Natural
Natural
Natural
Natural
Natural
Natural
Natural
Natural
Natural
Natural
Natural
Natural
Natural
Natural
Natural
Natural
Natural
Natural
Natural
Natural
Natural
Natural
Natural
Natural
Natural
Natural
Natural
Natural
Natural
Natural
Natural
Natural
Natural
Natural
Natural
Natural
Natural
Natural
Natural
Natural
Natural
Natural
Natural
Natural
Natural
Natural
Natural
Natural
Natural
Natural
Natural
Natural
Natural
Natural
Natural
Natural
Natural
Natural
Natural
Natural
Natural
Natural
Natural
Natural
Natural
Natural
Natural
Natural
Natural
Natural
Natural
Natural
Natural
Natural
Natural
Natural
Natural
Natural
Natural
Natural
Natural
Natural
Natural
Natural
Natural
Natural
Natural
Natural
Natural
Natural
Natural
Natural
Natural
Natural
Natural
Natural
Natural
Natural
Natural
Natural
Natural
Natural
Natural
Natural
Natural
Natural
Natural
Natural
Natural
Natural
Natural
Natural
Natural
Natural
Natural
Natural
Natural
Natural
Natural
Natural
Natural
Natural
Natural
Natural
Natural
Natural
Natural
Natural
Natural
Natural
Natural
Natural
Natural
Natural
Natural
Natural
Natural
Natural
Natural
Natural
Natural
Natural
Natural
Natural
Natural
Natural
Natural
Natural
Natural
Natural
Natural
Natural
Natural
Natural
Natural
Natural
Natural
Natural
Natural
Natural
Natural
Natural
Natural
Natural
Natural
Natural
Natural
Natural
Natural
Natural
Natural
Natural
Natural
Natural
Natural
Natural
Natural
Natural
Natural
Natural
Natural
Natural
Natural
Natural
Natural
Natural
Natural
Natural
Natural
Natural
Natural
Natural
Natural
Natural
Natural
Natural
Natural
Natural
Natural
Natural
Natural
Natural
Natural
Natural
Natural
Natural
Natural
Natural
Natural
Natural
Natural
Natural
Natural
Natural
Natural
Natural
Natural
Natural
Natural
Natural
Natural
Natural
Natural
Natural
Natural
Natural
Natural
Natural
Natural
Natural
Natural
Natural
Natural
Natural
Natural
Natural
Natural
Natural
Natural
Natural
Natural
Natural
Natural
Natural
Natural
Natural
Natural
Natural
Natural
Natural
Natural
Natural
Natural
Natural
Natural
Natural
Natural
Natural
Natural
Natural
Natural
Natural
Natural
Natural
Natural
Natural
Natural
Natural
Natural
Natural
Natural
Natural
Natural
Natural
Natural
Natural
Natural
Natural
Natural
Natural
Natural
Natural
Natural
Natural
Natural
Natural
Natural
Natural
Natural
Natural
Natural
Natural
Natural
Natural
Natural
Natural
Natural
Natural
Natural
Natural
Natural
Natural
Natural
Natural
Natural
Natural
Natural
Natural
Natural
Natural
Natural
Natural
Natural
Natural
Natural
Natural
Natural
Natural
Natural
Natural
Natural
Natural
Natural
Natural
Natural
Natural
Natural
Natural
Natural
Natural
Natural
Natural
Natural
Natural
Natural
Natural
Natural
Natural
Natural
Natural
Natural
Natural
Natural
Natural
Natural
Natural
Natural
Natural
Natural
Natural
Natural
Natural
Natural
Natural
Natural
Natural
Natural
Natural
Natural
Natural
Natural
Natural
Natural
Natural
Natural
Natural
Natural
Natural
Natural
Natural
Natural
Natural
Natural
Natural
Natural
Natural
Natural
Natural
Natural
Natural
Natural
Natural
Natural
Natural
Natural
Natural
Natural
Natural
Natural
Natural
Natural
Natural
Natural
Natural
Natural
Natural
Natural
Natural
Natural
Natural
Natural
Natural
Natural
Natural
Natural
Natural
Natural
Natural
Natural
Natural
Natural
Natural
Natural
Natural
Natural
Natural
Natural
Natural
Natural
Natural
Natural
Natural
Natural
Natural
Natural
Natural
Natural
Natural
Natural
Natural
Natural
Natural
Natural
Natural
Natural
Natural
Natural
Natural
Natural
Natural
Natural
Natural
Natural
Natural
Natural
Natural
Natural
Natural
Natural
Natural
Natural
Natural
Natural
Natural
Natural
Natural
Natural
Natural
Natural
Natural
Natural
Natural
Natural
Natural
Natural
Natural
Natural
Natural
Natural
Natural
Natural
Natural
Natural
Natural
Natural
Natural
Natural
Natural
Natural
Natural
Natural
Natural
Natural
Natural
Natural
Natural
Natural
Natural
Natural
Natural
Natural
Natural
Natural
Natural
Natural
Natural
Natural
Natural
Natural
Natural
Natural
Natural
Natural
Natural
Natural
Natural
Natural
Natural
Natural
Natural
Natural
Natural
Natural
Natural
Natural
Natural
Natural
Natural
Natural
Natural
Natural
Natural
Natural
Natural
Natural
Natural
Natural
Natural
Natural
Natural
Natural
Natural
Natural
Natural
Natural
Natural
Natural
Natural
Natural
Natural
Natural
Natural
Natural
Natural
Natural
Natural
Natural
Natural
Natural
Natural
Natural
Natural
Natural
Natural
Natural
Natural
Natural
Natural
Natural
Natural
Natural
Natural
Natural
Natural
Natural
Natural
Natural
Natural
Natural
Natural
Natural
Natural
Natural
Natural
Natural
Natural
Natural
Natural
Natural
Natural
Natural
Natural
Natural
Natural
Natural
Natural
Natural
Natural
Natural
Natural
Natural
Natural
Natural
Natural
Natural
Natural
Natural
Natural
Natural
Natural
Natural
Natural
Natural
Natural
Natural
Natural
Natural
Natural
Natural
Natural
Natural
Natural
Natural
Natural
Natural
Natural
Natural
Natural
Natural
Natural
Natural
Natural
Natural
Natural
Natural
Natural
Natural
Natural
Natural
Natural
Natural
Natural
Natural
Natural
Natural
Natural
Natural
Natural
Natural
Natural
Natural
Natural
Natural
Natural
Natural
Natural
Natural
Natural
Natural
Natural
Natural
Natural
Natural
Natural
Natural
Natural
Natural
Natural
Natural
Natural
Natural
Natural
Natural
Natural
Natural
Natural
Natural
Natural
Natural
Natural
Natural
Natural
Natural
Natural
Natural
Natural
Natural
Natural
Natural
Natural
Natural
Natural
Natural
Natural
Natural
Natural
Natural
Natural
Natural
Natural
Natural
Natural
Natural
Natural
Natural
Natural
Natural
Natural
Natural
Natural
Natural
Natural
Natural
Natural
Natural
Natural
Natural
Natural
Natural
Natural
Natural
Natural
Natural
Natural
Natural
Natural
Natural
Natural
Natural
Natural
Natural
Natural
Natural
Natural
Natural
Natural
Natural
Natural
Natural
Natural
Natural
Natural
Natural
Natural
Natural
Natural
Natural
Natural
Natural
Natural
Natural
Natural
Natural
Natural
Natural
Natural
Natural
Natural
Natural
Natural
Natural
Natural
Natural
Natural
Natural
Natural
Natural
Natural
Natural
Natural
Natural
Natural
Natural
Natural
Natural
Natural
Natural
Natural
Natural
Natural
Natural
Natural
Natural
Natural
Natural
Natural
Natural
Natural
Natural
Natural
Natural
Natural
Natural
Natural
Natural
Natural
Natural
Natural
Natural
Natural
Natural
Natural
Natural
Natural
Natural
Natural
Natural
Natural
Natural
Natural
Natural
Natural
Natural
Natural
Natural
Natural
Natural
Natural
Natural
Natural
Natural
Natural
Natural
Natural
Natural
Natural
Natural
Natural
Natural
Natural
Natural
Natural
Natural
Natural
Natural
Natural
Natural
Natural
Natural
Natural
Natural
Natural
Natural
Natural
Natural
Natural
Natural
Natural
Natural
Natural
Natural
Natural
Natural
Natural
Natural
Natural
Natural
Natural
Natural
Natural
Natural
Natural
Natural
Natural
Natural
Natural
Natural
Natural
Natural
Natural
Natural
Natural
Natural
Natural
Natural
Natural
Natural
Natural
Natural
Natural
Natural
Natural
Natural
Natural
Natural
Natural
Natural
Natural
Natural
Natural
Natural
Natural
Natural
Natural
Natural
Natural
Natural
Natural
Natural
Natural
Natural
Natural
Natural
Natural
Natural
Natural
Natural
Natural
Natural
Natural
Natural
Natural
Natural
Natural
Natural
Natural
Natural
Natural
Natural
Natural
Natural
Natural
Natural
Natural
Natural
Natural
Natural
Natural
Natural
Natural
Natural
Natural
Natural
Natural
Natural
Natural
Natural
Natural
Natural
Natural
Natural
Natural
Natural
Natural
Natural
Natural
Natural
Natural
Natural
Natural
Natural
Natural
Natural
Natural
Natural
Natural
Natural
Natural
Natural
Natural
Natural
Natural
Natural
Natural
Natural
Natural
Natural
Natural
Natural
Natural
Natural
Natural
Natural
Natural
Natural
Natural
Natural
Natural
Natural
Natural
Natural
Natural
Natural
Natural
Natural
Natural
Natural
Natural
Natural
Natural
Natural
Natural
Natural
Natural
Natural
Natural
Natural
Natural
Natural
Natural
Natural
Natural
Natural
Natural
Natural
Natural
Natural
Natural
Natural
Natural
Natural
Natural
Natural
Natural
Natural
Natural
Natural
Natural
Natural
Natural
Natural
Natural
Natural
Natural
Natural
Natural
Natural
Natural
Natural
Natural
Natural
Natural
Natural
Natural
Natural
Natural
Natural
Natural
Natural
Natural
Natural
Natural
Natural
Natural
Natural
Natural
Natural
Natural
Natural
Natural
Natural
Natural
Natural
Natural
Natural
Natural
Natural
Natural
Natural
Natural
Natural
Natural
Natural
Natural
Natural
Natural
Natural
Natural
Natural
Natural
Natural
Natural
Natural
Natural
Natural
Natural
Natural
Natural
Natural
Natural
Natural
Natural
Natural
Natural
Natural
Natural
Natural
Natural
Natural
Natural
Natural
Natural
Natural
Natural
Natural
Natural
Natural
Natural
Natural
Natural
Natural
Natural
Natural
Natural
Natural
Natural
Natural
Natural
Natural
Natural
Natural
Natural
Natural
Natural
Natural
Natural
Natural
Natural
Natural
Natural
Natural
Natural
Natural
Natural
Natural
Natural
Natural
Natural
Natural
Natural
Natural
Natural
Natural
Natural
Natural
Natural
Natural
Natural
Natural
Natural
Natural
Natural
Natural
Natural
Natural
Natural
Natural
Natural
Natural
Natural
Natural
Natural
Natural
Natural
Natural
Natural
Natural
Natural
Natural
Natural
Natural
Natural
Natural
Natural
Natural
Natural
Natural
Natural
Natural
Natural
Natural
Natural
Natural
Natural
Natural
Natural
Natural
Natural
Natural
Natural
Natural
Natural
Natural
Natural
Natural
Natural
Natural
Natural
Natural
Natural
Natural
Natural
Natural
Natural
Natural
Natural
Natural
Natural
Natural
Natural
Natural
Natural
Natural
Natural
Natural
Natural
Natural
Natural
Natural
Natural
Natural
Natural
Natural
Natural
Natural
Natural
Natural
Natural
Natural
Natural
Natural
Natural
Natural
Natural
Natural
Natural
Natural
Natural
Natural
Natural
Natural
Natural
Natural
Natural
Natural
Natural
Natural
Natural
Natural
Natural
Natural
Natural
Natural
Natural
Natural
Natural
Natural
Natural
Natural
Natural
Natural
Natural
Natural
Natural
Natural
Natural
Natural
Natural
Natural
Natural
Natural
Natural
Natural
Natural
Natural
Natural
Natural
Natural
Natural
Natural
Natural
Natural
Natural
Natural
Natural
Natural
Natural
Natural
Natural
Natural
Natural
Natural
Natural
Natural
Natural
Natural
Natural
Natural
Natural
Natural
Natural
Natural
Natural
Natural
Natural
Natural
Natural
Natural
Natural
Natural
Natural
Natural
Natural
Natural
Natural
Natural
Natural
Natural
Natural
Natural
Natural
Natural
Natural
Natural
Natural
Natural
Natural
Natural
Natural
Natural
Natural
Natural
Natural
Natural
Natural
Natural
Natural
Natural
Natural
Natural
Natural
Natural
Natural
Natural
Natural
Natural
Natural
Natural
Natural
Natural
Natural
Natural
Natural
Natural
Natural
Natural
Natural
Natural
Natural
Natural
Natural
Natural
Natural
Natural
Natural
Natural
Natural
Natural
Natural
Natural
Natural
Natural
Natural
Natural
Natural
Natural
Natural
Natural
Natural
Natural
Natural
Natural
Natural
Natural
Natural
Natural
Natural
Natural
Natural
Natural
Natural
Natural
Natural
Natural
Natural
Natural
Natural
Natural
Natural
Natural
Natural
Natural
Natural
Natural
Natural
Natural
Natural
Natural
Natural
Natural
Natural
Natural
Natural
Natural
Natural
Natural
Natural
Natural
Natural
Natural
Natural
Natural
Natural
Natural
Natural
Natural
Natural
Natural
Natural
Natural
Natural
Natural
Natural
Natural
Natural
Natural
Natural
Natural
Natural
Natural
Natural
Natural
Natural
Natural
Natural
Natural
Natural
Natural
Natural
Natural
Natural
Natural
Natural
Natural
Natural
Natural
Natural
Natural
Natural
Natural
Natural
Natural
Natural
Natural
Natural
Natural
Natural
Natural
Natural
Natural
Natural
Natural
Natural
Natural
Natural
Natural
Natural
Natural
Natural
Natural
Natural
Natural
Natural
Natural
Natural
Natural
Natural
Natural
Natural
Natural
Natural
Natural
Natural
Natural
Natural
Natural
Natural
Natural
Natural
Natural
Natural
Natural
Natural
Natural
Natural
Natural
Natural
Natural
Natural
Natural
Natural
Natural
Natural
Natural
Natural
Natural
Natural
Natural
Natural
Natural
Natural
Natural
Natural
Natural
Natural
Natural
Natural
Natural
Natural
Natural
Natural
Natural
Natural
Natural
Natural
Natural
Natural
Natural
Natural
Natural
Natural
Natural
Natural
Natural
Natural
Natural
Natural
Natural
Natural
Natural
Natural
Natural
Natural
Natural
Natural
Natural
Natural
Natural
Natural
Natural
Natural
Natural
Natural
Natural
Natural
Natural
Natural
Natural
Natural
Natural
Natural
Natural
Natural
Natural
Natural
Natural
Natural
Natural
Natural
Natural
Natural
Natural
Natural
Natural
Natural
Natural
Natural
Natural
Natural
Natural
Natural
Natural
Natural
Natural
Natural
Natural
Natural
Natural
Natural
Natural
Natural
Natural
Natural
Natural
Natural
Natural
Natural
Natural
Natural
Natural
Natural
Natural
Natural
Natural
Natural
Natural
Natural
Natural
Natural
Natural
Natural
Natural
Natural
Natural
Natural
Natural
Natural
Natural
Natural
Natural
Natural
Natural
Natural
Natural
Natural
Natural
Natural
Natural
Natural
Natural
Natural
Natural
Natural
Natural
Natural
Natural
Natural
Natural
Natural
Natural
Natural
Natural
Natural
Natural
Natural
Natural
Natural
Natural
Natural
Natural
Natural
Natural
Natural
Natural
Natural
Natural
Natural
Natural
Natural
Natural
Natural
Natural
Natural
Natural
Natural
Natural
Natural
Natural
Natural
Natural
Natural
Natural
Natural
Natural
Natural
Natural
Natural
Natural
Natural
Natural
Natural
Natural
Natural
Natural
Natural
Natural
Natural
Natural
Natural
Natural
Natural
Natural
Natural
Natural
Natural
Natural
Natural
Natural
Natural
Natural
Natural
Natural
Natural
Natural
Natural
Natural
Natural
Natural
Natural
Natural
Natural
Natural
Natural
Natural
Natural
Natural
Natural
Natural
Natural
Natural
Natural
Natural
Natural
Natural
Natural
Natural
Natural
Natural
Natural
Natural
Natural
Natural
Natural
Natural
Natural
Natural
Natural
Natural
Natural
Natural
Natural
Natural
Natural
Natural
Natural
Natural
Natural
Natural
Natural
Natural
Natural
Natural
Natural
Natural
Natural
Natural
Natural
Natural
Natural
Natural
Natural
Natural
Natural
Natural
Natural
Natural
Natural
Natural
Natural
Natural
Natural
Natural
Natural
Natural
Natural
Natural
Natural
Natural
Natural
Natural
Natural
Natural
Natural
Natural
Natural
Natural
Natural
Natural
Natural
Natural
Natural
Natural
Natural
Natural
Natural
Natural
Natural
Natural
Natural
Natural
Natural
Natural
Natural
Natural
Natural
Natural
Natural
Natural
Natural
Natural
Natural
Natural
Natural
Natural
Natural
Natural
Natural
Natural
Natural
Natural
Natural
Natural
Natural
Natural
Natural
Natural
Natural
Natural
Natural
Natural
Natural
Natural
Natural
Natural
Natural
Natural
Natural
Natural
Natural
Natural
Natural
Natural
Natural
Natural
Natural
Natural
Natural
Natural
Natural
Natural
Natural
Natural
Natural
Natural
Natural
Natural
Natural
Natural
Natural
Natural
Natural
Natural
Natural
Natural
Natural
Natural
Natural
Natural
Natural
Natural
Natural
Natural
Natural
Natural
Natural
Natural
Natural
Natural
Natural
Natural
Natural
Natural
Natural
Natural
Natural
Natural
Natural
Natural
Natural
Natural
Natural
Natural
Natural
Natural
Natural
Natural
Natural
Natural
Natural
Natural
Natural
Natural
Natural
Natural
Natural
Natural
Natural
Natural
Natural
Natural
Natural
Natural
Natural
Natural
Natural
Natural
Natural
Natural
Natural
Natural
Natural
Natural
Natural
Natural
Natural
Natural
Natural
Natural
Natural
Natural
Natural
Natural
Natural
Natural
Natural
Natural
Natural
Natural
Natural
Natural
Natural
Natural
Natural
Natural
Natural
Natural
Natural
Natural
Natural
Natural
Natural
Natural
Natural
Natural
Natural
Natural
Natural
Natural
Natural
Natural
Natural
Natural
Natural
Natural
Natural
Natural
Natural
Natural
Natural
Natural
Natural
Natural
Natural
Natural
Natural
Natural
Natural
Natural
Natural
Natural
Natural
Natural
Natural
Natural
Natural
Natural
Natural
Natural
Natural
Natural
Natural
Natural
Natural
Natural
Natural
Natural
Natural
Natural
Natural
Natural
Natural
Natural
Natural
Natural
Natural
Natural
Natural
Natural
Natural
Natural
Natural
Natural
Natural
Natural
Natural
Natural
Natural
Natural
Natural
Natural
Natural
Natural
Natural
Natural
Natural
Natural
Natural
Natural
Natural
Natural
Natural
Natural
Natural
Natural
Natural
Natural
Natural
Natural
Natural
Natural
Natural
Natural
Natural
Natural
Natural
Natural
Natural
Natural
Natural
Natural
Natural
Natural
Natural
Natural
Natural
Natural
Natural
Natural
Natural
Natural
Natural
Natural
Natural
Natural
Natural
Natural
Natural
Natural
Natural
Natural
Natural
Natural
Natural
Natural
Natural
Natural
Natural
Natural
Natural
Natural
Natural
Natural
Natural
Natural
Natural
Natural
Natural
Natural
Natural
Natural
Natural
Natural
Natural
Natural
Natural
Natural
Natural
Natural
Natural
Natural
Natural
Natural
Natural
Natural
Natural
Natural
Natural
Natural
Natural
Natural
Natural
Natural
Natural
Natural
Natural
Natural
Natural
Natural
Natural
Natural
Natural
Natural
Natural
Natural
Natural
Natural
Natural
Natural
Natural
Natural
Natural
Natural
Natural
Natural
Natural
Natural
Natural
Natural
Natural
Natural
Natural
Natural
Natural
Natural
Natural
Natural
Natural
Natural
Natural
Natural
Natural
Natural
Natural
Natural
Natural
Natural
Natural
Natural
Natural
Natural
Natural
Natural
Natural
Natural
Natural
Natural
Natural
Natural
Natural
Natural
Natural
Natural
Natural
Natural
Natural
Natural
Natural
Natural
Natural
Natural
Natural
Natural
Natural
Natural
Natural
Natural
Natural
Natural
Natural
Natural
Natural
Natural
Natural
Natural
Natural
Natural
Natural
Natural
Natural
Natural
Natural
Natural
Natural
Natural
Natural
Natural
Natural
Natural
Natural
Natural
Natural
Natural
Natural
Natural
Natural
Natural
Natural
Natural
Natural
Natural
Natural
Natural
Natural
Natural
Natural
Natural
Natural
Natural
Natural
Natural
Natural
Natural
Natural
Natural
Natural
Natural
Natural
Natural
Natural
Natural
Natural
Natural
Natural
Natural
Natural
Natural
Natural
Natural
Natural
Natural
Natural
Natural
Natural
Natural
Natural
Natural
Natural
Natural
Natural
Natural
Natural
Natural
Natural
Natural
Natural
Natural
Natural
Natural
Natural
Natural
Natural
Natural
Natural
Natural
Natural
Natural
Natural
Natural
Natural
Natural
Natural
Natural
Natural
Natural
Natural
Natural
Natural
Natural
Natural
Natural
Natural
Natural
Natural
Natural
Natural
Natural
Natural
Natural
Natural
Natural
Natural
Natural
Natural
Natural
Natural
Natural
Natural
Natural
Natural
Natural
Natural
Natural
Natural
Natural
Natural
Natural
Natural
Natural
Natural
Natural
Natural
Natural
Natural
Natural
Natural
Natural
Natural
Natural
Natural
Natural
Natural
Natural
Natural
Natural
Natural
Natural
Natural
Natural
Natural
Natural
Natural
Natural
Natural
Natural
Natural
Natural
Natural
Natural
Natural
Natural
Natural
Natural
Natural
Natural
Natural
Natural
Natural
Natural
Natural
Natural
Natural
Natural
Natural
Natural
Natural
Natural
Natural
Natural
Natural
Natural
Natural
Natural
Natural
Natural
Natural
Natural
Natural
Natural
Natural
Natural
Natural
Natural
Natural
Natural
Natural
Natural
Natural
Natural
Natural
Natural
Natural
Natural
Natural
Natural
Natural
Natural
Natural
Natural
Natural
Natural
Natural
Natural
Natural
Natural
Natural
Natural
Natural
Natural
Natural
Natural
Natural
Natural
Natural
Natural
Natural
Natural
Natural
Natural
Natural
Natural
Natural
Natural
Natural
Natural
Natural
Natural
Natural
Natural
Natural
Natural
Natural
Natural
Natural
Natural
Natural
Natural
Natural
Natural
Natural
Natural
Natural
Natural
Natural
Natural
Natural
Natural
Natural
Natural
Natural
Natural
Natural
Natural
Natural
Natural
Natural
Natural
Natural
Natural
Natural
Natural
Natural
Natural
Natural
Natural
Natural
Natural
Natural
Natural
Natural
Natural
Natural
Natural
Natural
Natural
Natural
Natural
Natural
Natural
Natural
Natural
Natural
Natural
Natural
Natural
Natural
Natural
Natural
Natural
Natural
Natural
Natural
Natural
Natural
Natural
Natural
Natural
Natural
Natural
Natural
Natural
Natural
Natural
Natural
Natural
Natural
Natural
Natural
Natural
Natural
Natural
Natural
Natural
Natural
Natural
Natural
Natural
Natural
Natural
Natural
Natural
Natural
Natural
Natural
Natural
Natural
Natural
Natural
Natural
Natural
Natural
Natural
Natural
Natural
Natural
Natural
Natural
Natural
Natural
Natural
Natural
Natural
Natural
Natural
Natural
Natural
Natural
Natural
Natural
Natural
Natural
Natural
Natural
Natural
Natural
Natural
Natural
Natural
Natural
Natural
Natural
Natural
Natural
Natural
Natural
Natural
Natural
Natural
Natural
Natural
Natural
Natural
Natural
Natural
Natural
Natural
Natural
Natural
Natural
Natural
Natural
Natural
Natural
Natural
Natural
Natural
Natural
Natural
Natural
Natural
Natural
Natural
Natural
Natural
Natural
Natural
Natural
Natural
Natural
Natural
Natural
Natural
Natural
Natural
Natural
Natural
Natural
Natural
Natural
Natural
Natural
Natural
Natural
Natural
Natural
Natural
Natural
Natural
Natural
Natural
Natural
Natural
Natural
Natural
Natural
Natural
Natural
Natural
Natural
Natural
Natural
Natural
Natural
Natural
Natural
Natural
Natural
Natural
Natural
Natural
Natural
Natural
Natural
Natural
Natural
Natural
Natural
Natural
Natural
Natural
Natural
Natural
Natural
Natural
Natural
Natural
Natural
Natural
Natural
Natural
Natural
Natural
Natural
Natural
Natural
Natural
Natural
Natural
Natural
Natural
Natural
Natural
Natural
Natural
Natural
Natural
Natural
Natural
Natural
Natural
Natural
Natural
Natural
Natural
Natural
Natural
Natural
Natural
Natural
Natural
Natural
Natural
Natural
Natural
Natural
Natural
Natural
Natural
Natural
Natural
Natural
Natural
Natural
Natural
Natural
Natural
Natural
Natural
Natural
Natural
Natural
Natural
Natural
Natural
Natural
Natural
Natural
Natural
Natural
Natural
Natural
Natural
Natural
Natural
Natural
Natural
Natural
Natural
Natural
Natural
Natural
Natural
Natural
Natural
Natural
Natural
Natural
Natural
Natural
Natural
Natural
Natural
Natural
Natural
Natural
Natural
Natural
Natural
Natural
Natural
Natural
Natural
Natural
Natural
Natural
Natural
Natural
Natural
Natural
Natural
Natural
Natural
Natural
Natural
Natural
Natural
Natural
Natural
Natural
Natural
Natural
Natural
Natural
Natural
Natural
Natural
Natural
Natural
Natural
Natural
Natural
Natural
Natural
Natural
Natural
Natural
Natural
Natural
Natural
Natural
Natural
Natural
Natural
Natural
Natural
Natural
Natural
Natural
Natural
Natural
Natural
Natural
Natural
Natural
Natural
Natural
Natural
Natural
Natural
Natural
Natural
Natural
Natural
Natural
Natural
Natural
Natural
Natural
Natural
Natural
Natural
Natural
Natural
Natural
Natural
Natural
Natural
Natural
Natural
Natural
Natural
Natural
Natural
Natural
Natural
Natural
Natural
Natural
Natural
Natural
Natural
Natural
Natural
Natural
Natural
Natural
Natural
Natural
Natural
Natural
Natural
Natural
Natural
Natural
Natural
Natural
Natural
Natural
Natural
Natural
Natural
Natural
Natural
Natural
Natural
Natural
Natural
Natural
Natural
Natural
Natural
Natural
Natural
Natural
Natural
Natural
Natural
Natural
Natural
Natural
Natural
Natural
Natural
Natural
Natural
Natural
Natural
Natural
Natural
Natural
Natural
Natural
Natural
Natural
Natural
Natural
Natural
Natural
Natural
Natural
Natural
Natural
Natural
Natural
Natural
Natural
Natural
Natural
Natural
Natural
Natural
Natural
Natural
Natural
Natural
Natural
Natural
Natural
Natural
Natural
Natural
Natural
Natural
Natural
Natural
Natural
Natural
Natural
Natural
Natural
Natural
Natural
Natural
Natural
Natural
Natural
Natural
Natural
Natural
Natural
Natural
Natural
Natural
Natural
Natural
Natural
Natural
Natural
Natural
Natural
Natural
Natural
Natural
Natural
Natural
Natural
Natural
Natural
Natural
Natural
Natural
Natural
Natural
Natural
Natural
Natural
Natural
Natural
Natural
Natural
Natural
Natural
Natural
Natural
Natural
Natural
Natural
Natural
Natural
Natural
Natural
Natural
Natural
Natural
Natural
Natural
Natural
Natural
Natural
Natural
Natural
Natural
Natural
Natural
Natural
Natural
Natural
Natural
Natural
Natural
Natural
Natural
Natural
Natural
Natural
Natural
Natural
Natural
Natural
Natural
Natural
Natural
Natural
Natural
Natural
Natural
Natural
Natural
Natural
Natural
Natural
Natural
Natural
Natural
Natural
Natural
Natural
Natural
Natural
Natural
Natural
Natural
Natural
Natural
Natural
Natural
Natural
Natural
Natural
Natural
Natural
Natural
Natural
Natural
Natural
Natural
Natural
Natural
Natural
Natural
Natural
Natural
Natural
Natural
Natural
Natural
Natural
Natural
Natural
Natural
Natural
Natural
Natural
Natural
Natural
Natural
Natural
Natural
Natural
Natural
Natural
Natural
Natural
Natural
Natural
Natural
Natural
Natural
Natural
Natural
Natural
Natural
Natural
Natural
Natural
Natural
Natural
Natural
Natural
Natural
Natural
Natural
Natural
Natural
Natural
Natural
Natural
Natural
Natural
Natural
Natural
Natural
Natural
Natural
Natural
Natural
Natural
Natural
Natural
Natural
Natural
Natural
Natural
Natural
Natural
Natural
Natural
Natural
Natural
Natural
Natural
Natural
Natural
Natural
Natural
Natural
Natural
Natural
Natural
Natural
Natural
Natural
Natural
Natural
Natural
Natural
Natural
Natural
Natural
Natural
Natural
Natural
Natural
Natural
Natural
Natural
Natural
Natural
Natural
Natural
Natural
Natural
Natural
Natural
Natural
Natural
Natural
Natural
Natural
Natural
Natural
Natural
Natural
Natural
Natural
Natural
Natural
Natural
Natural
Natural
Natural
Natural
Natural
Natural
Natural
Natural
Natural
Natural
Natural
Natural
Natural
Natural
Natural
Natural
Natural
Natural
Natural
Natural
Natural
Natural
Natural
Natural
Natural
Natural
Natural
Natural
Natural
Natural
Natural
Natural
Natural
Natural
Natural
Natural
Natural
Natural
Natural
Natural
Natural
Natural
Natural
Natural
Natural
Natural
Natural
Natural
Natural
Natural
Natural
Natural
Natural
Natural
Natural
Natural
Natural
Natural
Natural
Natural
Natural
Natural
Natural
Natural
Natural
Natural
Natural
Natural
Natural
Natural
Natural
Natural
Natural
Natural
Natural
Natural
Natural
Natural
Natural
Natural
Natural
Natural
Natural
Natural
Natural
Natural
Natural
Natural
Natural
Natural
Natural
Natural
Natural
Natural
Natural
Natural
Natural
Natural
Natural
Natural
Natural
Natural
Natural
Natural
Natural
Natural
Natural
Natural
Natural
Natural
Natural
Natural
Natural
Natural
Natural
Natural
Natural
Natural
Natural
Natural
Natural
Natural
Natural
Natural
Natural
Natural
Natural
Natural
Natural
Natural
Natural
Natural
Natural
Natural
Natural
Natural
Natural
Natural
Natural
Natural
Natural
Natural
Natural
Natural
Natural
Natural
Natural
Natural
Natural
Natural
Natural
Natural
Natural
Natural
Natural
Natural
Natural
Natural
Natural
Natural
Natural
Natural
Natural
Natural
Natural
Natural
Natural
Natural
Natural
Natural
Natural
Natural
Natural
Natural
Natural
Natural
Natural
Natural
Natural
Natural
Natural
Natural
Natural
Natural
Natural
Natural
Natural
Natural
Natural
Natural
Natural
Natural
Natural
Natural
Natural
Natural
Natural
Natural
Natural
Natural
Natural
Natural
Natural
Natural
Natural
Natural
Natural
Natural
Natural
Natural
Natural
Natural
Natural
Natural
Natural
Natural
Natural
Natural
Natural
Natural
Natural
Natural
Natural
Natural
Natural
Natural
Natural
Natural
Natural
Natural
Natural
Natural
Natural
Natural
Natural
Natural
Natural
Natural
Natural
Natural
Natural
Natural
Natural
Natural
Natural
Natural
Natural
Natural
Natural
Natural
Natural
Natural
Natural
Natural
Natural
Natural
Natural
Natural
Natural
Natural
Natural
Natural
Natural
Natural
Natural
Natural
Natural
Natural
Natural
Natural
Natural
Natural
Natural
Natural
Natural
Natural
Natural
Natural
Natural
Natural
Natural
Natural
Natural
Natural
Natural
Natural
Natural
Natural
Natural
Natural
Natural
Natural
Natural
Natural
Natural
Natural
Natural
Natural
Natural
Natural
Natural
Natural
Natural
Natural
Natural
Natural
Natural
Natural
Natural
Natural
Natural
Natural
Natural
Natural
Natural
Natural
Natural
Natural
Natural
Natural
Natural
Unable to save timers to file D:/ExeCros/CrossyRoad_Data\ML-Agents\Timers\SampleScene_timers.json
Setting up 10 worker threads for Enlighten.
Memory Statistics:
[ALLOC_TEMP_TLS] TLS Allocator
  StackAllocators : 
    [ALLOC_TEMP_MAIN]
      Peak usage frame count: [32.0 KB-64.0 KB]: 5614 frames, [1.0 MB-2.0 MB]: 1 frames, [2.0 MB-4.0 MB]: 2 frames
      Initial Block Size 4.0 MB
      Current Block Size 4.0 MB
      Peak Allocated Bytes 2.1 MB
      Overflow Count 0
    [ALLOC_TEMP_Background Job.worker 4]
      Initial Block Size 32.0 KB
      Current Block Size 32.0 KB
      Peak Allocated Bytes 54 B
      Overflow Count 0
    [ALLOC_TEMP_Loading.PreloadManager]
      Initial Block Size 256.0 KB
      Current Block Size 0.5 MB
      Peak Allocated Bytes 501.3 KB
      Overflow Count 29
    [ALLOC_TEMP_Background Job.worker 3]
      Initial Block Size 32.0 KB
      Current Block Size 32.0 KB
      Peak Allocated Bytes 54 B
      Overflow Count 0
    [ALLOC_TEMP_Background Job.worker 11]
      Initial Block Size 32.0 KB
      Current Block Size 32.0 KB
      Peak Allocated Bytes 54 B
      Overflow Count 0
    [ALLOC_TEMP_Job.worker 16]
      Initial Block Size 256.0 KB
      Current Block Size 256.0 KB
      Peak Allocated Bytes 54 B
      Overflow Count 0
    [ALLOC_TEMP_Background Job.worker 7]
      Initial Block Size 32.0 KB
      Current Block Size 32.0 KB
      Peak Allocated Bytes 54 B
      Overflow Count 0
    [ALLOC_TEMP_Background Job.worker 6]
      Initial Block Size 32.0 KB
      Current Block Size 32.0 KB
      Peak Allocated Bytes 54 B
      Overflow Count 0
    [ALLOC_TEMP_Job.worker 11]
      Initial Block Size 256.0 KB
      Current Block Size 256.0 KB
      Peak Allocated Bytes 54 B
      Overflow Count 0
    [ALLOC_TEMP_Job.worker 15]
      Initial Block Size 256.0 KB
      Current Block Size 256.0 KB
      Peak Allocated Bytes 54 B
      Overflow Count 0
    [ALLOC_TEMP_Background Job.worker 12]
      Initial Block Size 32.0 KB
      Current Block Size 32.0 KB
      Peak Allocated Bytes 54 B
      Overflow Count 0
    [ALLOC_TEMP_Background Job.worker 2]
      Initial Block Size 32.0 KB
      Current Block Size 32.0 KB
      Peak Allocated Bytes 54 B
      Overflow Count 0
    [ALLOC_TEMP_Background Job.worker 9]
      Initial Block Size 32.0 KB
      Current Block Size 32.0 KB
      Peak Allocated Bytes 54 B
      Overflow Count 0
    [ALLOC_TEMP_Job.worker 0]
      Initial Block Size 256.0 KB
      Current Block Size 256.0 KB
      Peak Allocated Bytes 0 B
      Overflow Count 0
    [ALLOC_TEMP_Job.worker 4]
      Initial Block Size 256.0 KB
      Current Block Size 256.0 KB
      Peak Allocated Bytes 19.6 KB
      Overflow Count 0
    [ALLOC_TEMP_Job.worker 5]
      Initial Block Size 256.0 KB
      Current Block Size 256.0 KB
      Peak Allocated Bytes 0 B
      Overflow Count 0
    [ALLOC_TEMP_Job.worker 14]
      Initial Block Size 256.0 KB
      Current Block Size 256.0 KB
      Peak Allocated Bytes 54 B
      Overflow Count 0
    [ALLOC_TEMP_Background Job.worker 10]
      Initial Block Size 32.0 KB
      Current Block Size 32.0 KB
      Peak Allocated Bytes 54 B
      Overflow Count 0
    [ALLOC_TEMP_Job.worker 13]
      Initial Block Size 256.0 KB
      Current Block Size 256.0 KB
      Peak Allocated Bytes 54 B
      Overflow Count 0
    [ALLOC_TEMP_Background Job.worker 1]
      Initial Block Size 32.0 KB
      Current Block Size 32.0 KB
      Peak Allocated Bytes 54 B
      Overflow Count 0
    [ALLOC_TEMP_EnlightenWorker] x 10
      Initial Block Size 64.0 KB
      Current Block Size 64.0 KB
      Peak Allocated Bytes 54 B
      Overflow Count 0
    [ALLOC_TEMP_Job.worker 1]
      Initial Block Size 256.0 KB
      Current Block Size 256.0 KB
      Peak Allocated Bytes 19.6 KB
      Overflow Count 0
    [ALLOC_TEMP_Job.worker 3]
      Initial Block Size 256.0 KB
      Current Block Size 256.0 KB
      Peak Allocated Bytes 19.6 KB
      Overflow Count 0
    [ALLOC_TEMP_Background Job.worker 5]
      Initial Block Size 32.0 KB
      Current Block Size 32.0 KB
      Peak Allocated Bytes 54 B
      Overflow Count 0
    [ALLOC_TEMP_Background Job.worker 8]
      Initial Block Size 32.0 KB
      Current Block Size 32.0 KB
      Peak Allocated Bytes 54 B
      Overflow Count 0
    [ALLOC_TEMP_Job.worker 12]
      Initial Block Size 256.0 KB
      Current Block Size 256.0 KB
      Peak Allocated Bytes 54 B
      Overflow Count 0
    [ALLOC_TEMP_AssetGarbageCollectorHelper] x 19
      Initial Block Size 64.0 KB
      Current Block Size 64.0 KB
      Peak Allocated Bytes 138 B
      Overflow Count 0
    [ALLOC_TEMP_Background Job.worker 13]
      Initial Block Size 32.0 KB
      Current Block Size 32.0 KB
      Peak Allocated Bytes 54 B
      Overflow Count 0
    [ALLOC_TEMP_Background Job.worker 15]
      Initial Block Size 32.0 KB
      Current Block Size 32.0 KB
      Peak Allocated Bytes 54 B
      Overflow Count 0
    [ALLOC_TEMP_Job.worker 2]
      Initial Block Size 256.0 KB
      Current Block Size 256.0 KB
      Peak Allocated Bytes 19.6 KB
      Overflow Count 0
    [ALLOC_TEMP_Job.worker 10]
      Initial Block Size 256.0 KB
      Current Block Size 256.0 KB
      Peak Allocated Bytes 54 B
      Overflow Count 0
    [ALLOC_TEMP_Job.worker 7]
      Initial Block Size 256.0 KB
      Current Block Size 256.0 KB
      Peak Allocated Bytes 0 B
      Overflow Count 0
    [ALLOC_TEMP_Job.worker 17]
      Initial Block Size 256.0 KB
      Current Block Size 256.0 KB
      Peak Allocated Bytes 19.6 KB
      Overflow Count 0
    [ALLOC_TEMP_Job.worker 9]
      Initial Block Size 256.0 KB
      Current Block Size 256.0 KB
      Peak Allocated Bytes 19.6 KB
      Overflow Count 0
    [ALLOC_TEMP_Job.worker 18]
      Initial Block Size 256.0 KB
      Current Block Size 256.0 KB
      Peak Allocated Bytes 54 B
      Overflow Count 0
    [ALLOC_TEMP_Background Job.worker 0]
      Initial Block Size 32.0 KB
      Current Block Size 32.0 KB
      Peak Allocated Bytes 54 B
      Overflow Count 0
    [ALLOC_TEMP_Job.worker 6]
      Initial Block Size 256.0 KB
      Current Block Size 256.0 KB
      Peak Allocated Bytes 0 B
      Overflow Count 0
    [ALLOC_TEMP_Job.worker 8]
      Initial Block Size 256.0 KB
      Current Block Size 256.0 KB
      Peak Allocated Bytes 0 B
      Overflow Count 0
    [ALLOC_TEMP_Background Job.worker 14]
      Initial Block Size 32.0 KB
      Current Block Size 32.0 KB
      Peak Allocated Bytes 54 B
      Overflow Count 0
    [ALLOC_TEMP_Loading.AsyncRead]
      Initial Block Size 64.0 KB
      Current Block Size 64.0 KB
      Peak Allocated Bytes 256 B
      Overflow Count 0
    [ALLOC_TEMP_BatchDeleteObjects]
      Initial Block Size 64.0 KB
      Current Block Size 64.0 KB
      Peak Allocated Bytes 54 B
      Overflow Count 0
[ALLOC_DEFAULT] Dual Thread Allocator
  Peak main deferred allocation count 6241
    [ALLOC_BUCKET]
      Large Block size 4.0 MB
      Used Block count 1
      Peak Allocated bytes 3.2 MB
    [ALLOC_DEFAULT_MAIN]
      Peak usage frame count: [64.0 MB-128.0 MB]: 5617 frames
      Requested Block Size 16.0 MB
      Peak Block count 4
      Peak Allocated memory 79.5 MB
      Peak Large allocation bytes 27.0 MB
    [ALLOC_DEFAULT_THREAD]
      Peak usage frame count: [4.0 MB-8.0 MB]: 5617 frames
      Requested Block Size 16.0 MB
      Peak Block count 1
      Peak Allocated memory 6.2 MB
      Peak Large allocation bytes 0 B
[ALLOC_TEMP_JOB_1_FRAME]
  Initial Block Size 2.0 MB
  Used Block Count 0
  Overflow Count (too large) 0
  Overflow Count (full) 0
[ALLOC_TEMP_JOB_2_FRAMES]
  Initial Block Size 2.0 MB
  Used Block Count 0
  Overflow Count (too large) 0
  Overflow Count (full) 0
[ALLOC_TEMP_JOB_4_FRAMES (JobTemp)]
  Initial Block Size 2.0 MB
  Used Block Count 1
  Overflow Count (too large) 0
  Overflow Count (full) 0
[ALLOC_TEMP_JOB_ASYNC (Background)]
  Initial Block Size 1.0 MB
  Used Block Count 1
  Overflow Count (too large) 0
  Overflow Count (full) 0
[ALLOC_GFX] Dual Thread Allocator
  Peak main deferred allocation count 0
    [ALLOC_BUCKET]
      Large Block size 4.0 MB
      Used Block count 1
      Peak Allocated bytes 3.2 MB
    [ALLOC_GFX_MAIN]
      Peak usage frame count: [128.0 KB-256.0 KB]: 5615 frames, [1.0 MB-2.0 MB]: 1 frames, [2.0 MB-4.0 MB]: 1 frames
      Requested Block Size 16.0 MB
      Peak Block count 1
      Peak Allocated memory 2.2 MB
      Peak Large allocation bytes 0 B
    [ALLOC_GFX_THREAD]
      Peak usage frame count: [256.0 KB-0.5 MB]: 5617 frames
      Requested Block Size 16.0 MB
      Peak Block count 1
      Peak Allocated memory 415.9 KB
      Peak Large allocation bytes 0 B
[ALLOC_CACHEOBJECTS] Dual Thread Allocator
  Peak main deferred allocation count 3
    [ALLOC_BUCKET]
      Large Block size 4.0 MB
      Used Block count 1
      Peak Allocated bytes 3.2 MB
    [ALLOC_CACHEOBJECTS_MAIN]
      Peak usage frame count: [0.5 MB-1.0 MB]: 5617 frames
      Requested Block Size 4.0 MB
      Peak Block count 1
      Peak Allocated memory 0.9 MB
      Peak Large allocation bytes 0 B
    [ALLOC_CACHEOBJECTS_THREAD]
      Peak usage frame count: [1.0 MB-2.0 MB]: 5616 frames, [2.0 MB-4.0 MB]: 1 frames
      Requested Block Size 4.0 MB
      Peak Block count 1
      Peak Allocated memory 3.6 MB
      Peak Large allocation bytes 0 B
[ALLOC_TYPETREE] Dual Thread Allocator
  Peak main deferred allocation count 0
    [ALLOC_BUCKET]
      Large Block size 4.0 MB
      Used Block count 1
      Peak Allocated bytes 3.2 MB
    [ALLOC_TYPETREE_MAIN]
      Peak usage frame count: [8.0 KB-16.0 KB]: 5617 frames
      Requested Block Size 2.0 MB
      Peak Block count 1
      Peak Allocated memory 11.2 KB
      Peak Large allocation bytes 0 B
    [ALLOC_TYPETREE_THREAD]
      Peak usage frame count: [1.0 KB-2.0 KB]: 5617 frames
      Requested Block Size 2.0 MB
      Peak Block count 1
      Peak Allocated memory 1.9 KB
      Peak Large allocation bytes 0 B
